<?xml version="1.0" encoding="UTF-8"?>
<testsuite name="HelloWorldTest" tests="1" skipped="0" failures="0" errors="0" timestamp="2019-03-12T09:42:41" hostname="Rodrigos-MacBook-Pro-2.local" time="0.045">
  <properties/>
  <testcase name="helloWorldTest" classname="HelloWorldTest" time="0.045"/>
  <system-out><![CDATA[]]></system-out>
  <system-err><![CDATA[]]></system-err>
</testsuite>
